{"/home/juliana/Sprint.03/src/baby-steps.ts": {"path":"/home/juliana/Sprint.03/src/baby-steps.ts","statementMap":{"0":{"start":{"line":2,"column":18},"end":{"line":14,"column":1}},"1":{"start":{"line":4,"column":12},"end":{"line":4,"column":13}},"2":{"start":{"line":6,"column":2},"end":{"line":11,"column":null}},"3":{"start":{"line":7,"column":14},"end":{"line":7,"column":25}},"4":{"start":{"line":8,"column":4},"end":{"line":10,"column":null}},"5":{"start":{"line":9,"column":6},"end":{"line":9,"column":17}},"6":{"start":{"line":13,"column":2},"end":{"line":13,"column":13}},"7":{"start":{"line":17,"column":11},"end":{"line":17,"column":32}},"8":{"start":{"line":19,"column":0},"end":{"line":19,"column":32}},"9":{"start":{"line":21,"column":0},"end":{"line":21,"column":25}}},"fnMap":{"0":{"name":"(anonymous_0)","decl":{"start":{"line":2,"column":18},"end":{"line":2,"column":19}},"loc":{"start":{"line":2,"column":48},"end":{"line":14,"column":1}}}},"branchMap":{"0":{"loc":{"start":{"line":8,"column":4},"end":{"line":10,"column":null}},"type":"if","locations":[{"start":{"line":8,"column":4},"end":{"line":10,"column":null}}]}},"s":{"0":1,"1":2,"2":2,"3":3,"4":3,"5":3,"6":2,"7":1,"8":1,"9":1},"f":{"0":2},"b":{"0":[3]}}
,"/home/juliana/Sprint.03/src/hello-world.ts": {"path":"/home/juliana/Sprint.03/src/hello-world.ts","statementMap":{"0":{"start":{"line":1,"column":24},"end":{"line":1,"column":37}},"1":{"start":{"line":3,"column":0},"end":{"line":3,"column":21}},"2":{"start":{"line":5,"column":0},"end":{"line":5,"column":23}}},"fnMap":{},"branchMap":{},"s":{"0":1,"1":1,"2":1},"f":{},"b":{}}
}
